<?xml version="1.0" encoding="UTF-8"?>
<!-- Generated by org.testng.reporters.JUnitReportReporter -->
<testsuite skipped="0" hostname="gayatekiMacBook-Air.local" name="testNG.testParameter" tests="2" failures="0" timestamp="04 八月 2017 07:59:47 GMT" time="0.005" errors="0">
  <testcase name="f1" time="0.002" classname="testNG.testParameter"/>
  <testcase name="f2" time="0.003" classname="testNG.testParameter"/>
</testsuite> <!-- testNG.testParameter -->
