<?xml version="1.0" encoding="UTF-8"?>
<!-- Generated by org.testng.reporters.JUnitReportReporter -->
<testsuite skipped="0" hostname="gayatekiMacBook-Air.local" name="testNG.testData" tests="3" failures="0" timestamp="04 八月 2017 07:59:47 GMT" time="0.023" errors="0">
  <testcase name="f" time="0.003" classname="testNG.testData"/>
  <testcase name="f" time="0.016" classname="testNG.testData"/>
  <testcase name="f" time="0.004" classname="testNG.testData"/>
</testsuite> <!-- testNG.testData -->
