<?xml version="1.0" encoding="UTF-8"?>
<!-- Generated by org.testng.reporters.JUnitReportReporter -->
<testsuite skipped="0" hostname="gayatekiMacBook-Air.local" name="testNG.testData" tests="3" failures="0" timestamp="24 九月 2017 06:20:57 GMT" time="0.040" errors="0">
  <testcase name="f" time="0.004" classname="testNG.testData"/>
  <testcase name="f" time="0.026" classname="testNG.testData"/>
  <testcase name="f" time="0.010" classname="testNG.testData"/>
</testsuite> <!-- testNG.testData -->
