<?xml version="1.0" encoding="UTF-8"?>
<!-- Generated by org.testng.reporters.JUnitReportReporter -->
<testsuite skipped="0" hostname="gayatekiMacBook-Air.local" name="testNG.testParameter" tests="2" failures="0" timestamp="08 九月 2017 16:42:50 GMT" time="0.006" errors="0">
  <testcase name="f1" time="0.003" classname="testNG.testParameter"/>
  <testcase name="f2" time="0.003" classname="testNG.testParameter"/>
</testsuite> <!-- testNG.testParameter -->
