<?xml version="1.0" encoding="UTF-8"?>
<!-- Generated by org.testng.reporters.JUnitReportReporter -->
<testsuite skipped="0" hostname="gayatekiMacBook-Air.local" name="testNG.testData" tests="3" failures="0" timestamp="08 九月 2017 16:42:50 GMT" time="0.028" errors="0">
  <testcase name="f" time="0.007" classname="testNG.testData"/>
  <testcase name="f" time="0.018" classname="testNG.testData"/>
  <testcase name="f" time="0.003" classname="testNG.testData"/>
</testsuite> <!-- testNG.testData -->
